The system is: Linux - 4.4.0-17134-Microsoft - x86_64
Compiling the C compiler identification source file "CMakeCCompilerId.c" succeeded.
Compiler: /usr/bin/gcc 
Build flags: 
Id flags: 

The output was:
0


Compilation of the C compiler identification source "CMakeCCompilerId.c" produced "a.out"

The C compiler identification is GNU, found in "/mnt/c/Users/yazda/Desktop/simorgh/cmake-build-debug/CMakeFiles/3.5.1/CompilerIdC/a.out"

Determining if the C compiler works passed with the following output:
Change Dir: /mnt/c/Users/yazda/Desktop/simorgh/cmake-build-debug/CMakeFiles/CMakeTmp

Run Build Command:"/usr/bin/make" "cmTC_fcde2/fast"
/usr/bin/make -f CMakeFiles/cmTC_fcde2.dir/build.make CMakeFiles/cmTC_fcde2.dir/build
make[1]: Entering directory '/mnt/c/Users/yazda/Desktop/simorgh/cmake-build-debug/CMakeFiles/CMakeTmp'
Building C object CMakeFiles/cmTC_fcde2.dir/testCCompiler.c.o
/usr/bin/gcc     -o CMakeFiles/cmTC_fcde2.dir/testCCompiler.c.o   -c /mnt/c/Users/yazda/Desktop/simorgh/cmake-build-debug/CMakeFiles/CMakeTmp/testCCompiler.c
Linking C executable cmTC_fcde2
/usr/bin/cmake -E cmake_link_script CMakeFiles/cmTC_fcde2.dir/link.txt --verbose=1
/usr/bin/gcc       CMakeFiles/cmTC_fcde2.dir/testCCompiler.c.o  -o cmTC_fcde2 
make[1]: Leaving directory '/mnt/c/Users/yazda/Desktop/simorgh/cmake-build-debug/CMakeFiles/CMakeTmp'


